<?xml version="1.0" encoding="utf-8"?>
<CoverageSession xmlns:xsd="http://www.w3.org/2001/XMLSchema" xmlns:xsi="http://www.w3.org/2001/XMLSchema-instance" Version="4.6.0.0">
  <Summary numSequencePoints="71" visitedSequencePoints="27" numBranchPoints="19" visitedBranchPoints="9" sequenceCoverage="38.03" branchCoverage="47.37" maxCyclomaticComplexity="6" minCyclomaticComplexity="1" maxCrapScore="12" minCrapScore="1" visitedClasses="2" numClasses="4" visitedMethods="2" numMethods="5" />
  <Modules>
    <Module hash="FF-F8-87-16-2C-F5-EC-B8-75-1B-8F-B8-73-E7-8C-2F-AD-C9-AB-29">
      <Summary numSequencePoints="3" visitedSequencePoints="3" numBranchPoints="1" visitedBranchPoints="1" sequenceCoverage="100" branchCoverage="100" maxCyclomaticComplexity="1" minCyclomaticComplexity="1" maxCrapScore="2" minCrapScore="1" visitedClasses="1" numClasses="1" visitedMethods="1" numMethods="1" />
      <ModulePath>C:\Users\Ігор\Desktop\Наука\Комп'ютерні системи\Лаб 2\Arithmetic operations\TestMultiplier\bin\Debug\TestMultiplier.dll</ModulePath>
      <ModuleTime>2018-04-03T09:20:42.9409972Z</ModuleTime>
      <ModuleName>TestMultiplier</ModuleName>
      <Files>
        <File uid="1" fullPath="C:\Users\Ігор\Desktop\Наука\Комп'ютерні системи\Лаб 2\Arithmetic operations\TestMultiplier\UnitTest1.cs" />
      </Files>
      <Classes>
        <Class>
          <Summary numSequencePoints="3" visitedSequencePoints="3" numBranchPoints="1" visitedBranchPoints="1" sequenceCoverage="100" branchCoverage="100" maxCyclomaticComplexity="1" minCyclomaticComplexity="1" maxCrapScore="2" minCrapScore="1" visitedClasses="1" numClasses="1" visitedMethods="1" numMethods="1" />
          <FullName>TestMultiplier.UnitTest1</FullName>
          <Methods>
            <Method visited="true" cyclomaticComplexity="1" nPathComplexity="0" sequenceCoverage="100" branchCoverage="100" crapScore="1" isConstructor="false" isStatic="false" isGetter="false" isSetter="false">
              <Summary numSequencePoints="3" visitedSequencePoints="3" numBranchPoints="1" visitedBranchPoints="1" sequenceCoverage="100" branchCoverage="100" maxCyclomaticComplexity="1" minCyclomaticComplexity="1" maxCrapScore="1" minCrapScore="1" visitedClasses="0" numClasses="0" visitedMethods="1" numMethods="1" />
              <MetadataToken>100663297</MetadataToken>
              <Name>System.Void TestMultiplier.UnitTest1::TestMultiplier()</Name>
              <FileRef uid="1" />
              <SequencePoints>
                <SequencePoint vc="1" uspid="1" ordinal="0" offset="0" sl="12" sc="9" el="12" ec="10" bec="0" bev="0" fileid="1">
                  <TrackedMethodRefs>
                    <TrackedMethodRef uid="1" vc="1" />
                  </TrackedMethodRefs>
                </SequencePoint>
                <SequencePoint vc="1" uspid="2" ordinal="1" offset="1" sl="14" sc="13" el="14" ec="70" bec="0" bev="0" fileid="1">
                  <TrackedMethodRefs>
                    <TrackedMethodRef uid="1" vc="1" />
                  </TrackedMethodRefs>
                </SequencePoint>
                <SequencePoint vc="1" uspid="3" ordinal="2" offset="18" sl="15" sc="9" el="15" ec="10" bec="0" bev="0" fileid="1">
                  <TrackedMethodRefs>
                    <TrackedMethodRef uid="1" vc="1" />
                  </TrackedMethodRefs>
                </SequencePoint>
              </SequencePoints>
              <BranchPoints />
              <MethodPoint xsi:type="SequencePoint" vc="1" uspid="1" ordinal="0" offset="0" sl="12" sc="9" el="12" ec="10" bec="0" bev="0" fileid="1">
                <TrackedMethodRefs>
                  <TrackedMethodRef uid="1" vc="1" />
                </TrackedMethodRefs>
              </MethodPoint>
            </Method>
            <Method visited="false" cyclomaticComplexity="1" nPathComplexity="0" sequenceCoverage="0" branchCoverage="0" crapScore="2" isConstructor="true" isStatic="false" isGetter="false" isSetter="false">
              <Summary numSequencePoints="0" visitedSequencePoints="0" numBranchPoints="0" visitedBranchPoints="0" sequenceCoverage="0" branchCoverage="0" maxCyclomaticComplexity="1" minCyclomaticComplexity="1" maxCrapScore="2" minCrapScore="2" visitedClasses="0" numClasses="0" visitedMethods="0" numMethods="0" />
              <MetadataToken>100663298</MetadataToken>
              <Name>System.Void TestMultiplier.UnitTest1::.ctor()</Name>
              <SequencePoints />
              <BranchPoints />
              <MethodPoint vc="0" uspid="4" ordinal="0" offset="0" />
            </Method>
          </Methods>
        </Class>
      </Classes>
      <TrackedMethods>
        <TrackedMethod uid="1" token="100663297" name="System.Void TestMultiplier.UnitTest1::TestMultiplier()" strategy="MSTestTest" />
      </TrackedMethods>
    </Module>
    <Module hash="BB-71-53-8F-EB-56-C3-46-7F-05-A2-00-F1-1D-F6-01-14-A5-26-A5">
      <Summary numSequencePoints="68" visitedSequencePoints="24" numBranchPoints="18" visitedBranchPoints="8" sequenceCoverage="35.29" branchCoverage="44.44" maxCyclomaticComplexity="6" minCyclomaticComplexity="1" maxCrapScore="12" minCrapScore="2" visitedClasses="1" numClasses="3" visitedMethods="1" numMethods="4" />
      <ModulePath>C:\Users\Ігор\Desktop\Наука\Комп'ютерні системи\Лаб 2\Arithmetic operations\TestMultiplier\bin\Debug\Arithmetic operations.exe</ModulePath>
      <ModuleTime>2018-04-03T09:20:42.7248543Z</ModuleTime>
      <ModuleName>Arithmetic operations</ModuleName>
      <Files>
        <File uid="3" fullPath="C:\Users\Ігор\Desktop\Наука\Комп'ютерні системи\Лаб 2\Arithmetic operations\Arithmetic operations\Program.cs" />
      </Files>
      <Classes>
        <Class>
          <Summary numSequencePoints="13" visitedSequencePoints="0" numBranchPoints="1" visitedBranchPoints="0" sequenceCoverage="0" branchCoverage="0" maxCyclomaticComplexity="1" minCyclomaticComplexity="1" maxCrapScore="2" minCrapScore="2" visitedClasses="0" numClasses="1" visitedMethods="0" numMethods="1" />
          <FullName>Arithmetic_operations.Program</FullName>
          <Methods>
            <Method visited="false" cyclomaticComplexity="1" nPathComplexity="0" sequenceCoverage="0" branchCoverage="0" crapScore="2" isConstructor="false" isStatic="true" isGetter="false" isSetter="false">
              <Summary numSequencePoints="13" visitedSequencePoints="0" numBranchPoints="1" visitedBranchPoints="0" sequenceCoverage="0" branchCoverage="0" maxCyclomaticComplexity="1" minCyclomaticComplexity="1" maxCrapScore="2" minCrapScore="2" visitedClasses="0" numClasses="0" visitedMethods="0" numMethods="1" />
              <MetadataToken>100663297</MetadataToken>
              <Name>System.Void Arithmetic_operations.Program::Main(System.String[])</Name>
              <FileRef uid="3" />
              <SequencePoints>
                <SequencePoint vc="0" uspid="5" ordinal="0" offset="0" sl="12" sc="9" el="12" ec="10" bec="0" bev="0" fileid="3" />
                <SequencePoint vc="0" uspid="6" ordinal="1" offset="1" sl="14" sc="13" el="14" ec="14" bec="0" bev="0" fileid="3" />
                <SequencePoint vc="0" uspid="7" ordinal="2" offset="2" sl="15" sc="18" el="15" ec="59" bec="0" bev="0" fileid="3" />
                <SequencePoint vc="0" uspid="8" ordinal="3" offset="13" sl="16" sc="18" el="16" ec="67" bec="0" bev="0" fileid="3" />
                <SequencePoint vc="0" uspid="9" ordinal="4" offset="24" sl="17" sc="18" el="17" ec="65" bec="0" bev="0" fileid="3" />
                <SequencePoint vc="0" uspid="10" ordinal="5" offset="35" sl="18" sc="18" el="18" ec="92" bec="0" bev="0" fileid="3" />
                <SequencePoint vc="0" uspid="11" ordinal="6" offset="48" sl="19" sc="18" el="19" ec="36" bec="0" bev="0" fileid="3" />
                <SequencePoint vc="0" uspid="12" ordinal="7" offset="54" sl="25" sc="13" el="25" ec="14" bec="0" bev="0" fileid="3" />
                <SequencePoint vc="0" uspid="13" ordinal="8" offset="57" sl="26" sc="13" el="26" ec="36" bec="0" bev="0" fileid="3" />
                <SequencePoint vc="0" uspid="14" ordinal="9" offset="58" sl="27" sc="13" el="27" ec="14" bec="0" bev="0" fileid="3" />
                <SequencePoint vc="0" uspid="15" ordinal="10" offset="59" sl="28" sc="17" el="28" ec="54" bec="0" bev="0" fileid="3" />
                <SequencePoint vc="0" uspid="16" ordinal="11" offset="70" sl="29" sc="13" el="29" ec="14" bec="0" bev="0" fileid="3" />
                <SequencePoint vc="0" uspid="17" ordinal="12" offset="73" sl="31" sc="9" el="31" ec="10" bec="0" bev="0" fileid="3" />
              </SequencePoints>
              <BranchPoints />
              <MethodPoint xsi:type="SequencePoint" vc="0" uspid="5" ordinal="0" offset="0" sl="12" sc="9" el="12" ec="10" bec="0" bev="0" fileid="3" />
            </Method>
            <Method visited="false" cyclomaticComplexity="1" nPathComplexity="0" sequenceCoverage="0" branchCoverage="0" crapScore="2" isConstructor="true" isStatic="false" isGetter="false" isSetter="false">
              <Summary numSequencePoints="0" visitedSequencePoints="0" numBranchPoints="0" visitedBranchPoints="0" sequenceCoverage="0" branchCoverage="0" maxCyclomaticComplexity="1" minCyclomaticComplexity="1" maxCrapScore="2" minCrapScore="2" visitedClasses="0" numClasses="0" visitedMethods="0" numMethods="0" />
              <MetadataToken>100663298</MetadataToken>
              <Name>System.Void Arithmetic_operations.Program::.ctor()</Name>
              <SequencePoints />
              <BranchPoints />
              <MethodPoint vc="0" uspid="18" ordinal="0" offset="0" />
            </Method>
          </Methods>
        </Class>
        <Class>
          <Summary numSequencePoints="25" visitedSequencePoints="24" numBranchPoints="11" visitedBranchPoints="8" sequenceCoverage="96" branchCoverage="72.73" maxCyclomaticComplexity="6" minCyclomaticComplexity="1" maxCrapScore="6.00" minCrapScore="2" visitedClasses="1" numClasses="1" visitedMethods="1" numMethods="1" />
          <FullName>Arithmetic_operations.Multiplication</FullName>
          <Methods>
            <Method visited="true" cyclomaticComplexity="6" nPathComplexity="32" sequenceCoverage="96" branchCoverage="72.73" crapScore="6.00" isConstructor="false" isStatic="true" isGetter="false" isSetter="false">
              <Summary numSequencePoints="25" visitedSequencePoints="24" numBranchPoints="11" visitedBranchPoints="8" sequenceCoverage="96" branchCoverage="72.73" maxCyclomaticComplexity="6" minCyclomaticComplexity="6" maxCrapScore="6.00" minCrapScore="6.00" visitedClasses="0" numClasses="0" visitedMethods="1" numMethods="1" />
              <MetadataToken>100663299</MetadataToken>
              <Name>System.Int64 Arithmetic_operations.Multiplication::ShiftingRight(System.Int32,System.Int32)</Name>
              <FileRef uid="3" />
              <SequencePoints>
                <SequencePoint vc="1" uspid="19" ordinal="0" offset="0" sl="36" sc="9" el="36" ec="10" bec="0" bev="0" fileid="3">
                  <TrackedMethodRefs>
                    <TrackedMethodRef uid="1" vc="1" />
                  </TrackedMethodRefs>
                </SequencePoint>
                <SequencePoint vc="1" uspid="20" ordinal="1" offset="1" sl="37" sc="13" el="37" ec="71" bec="0" bev="0" fileid="3">
                  <TrackedMethodRefs>
                    <TrackedMethodRef uid="1" vc="1" />
                  </TrackedMethodRefs>
                </SequencePoint>
                <SequencePoint vc="1" uspid="21" ordinal="2" offset="11" sl="38" sc="13" el="38" ec="63" bec="0" bev="0" fileid="3">
                  <TrackedMethodRefs>
                    <TrackedMethodRef uid="1" vc="1" />
                  </TrackedMethodRefs>
                </SequencePoint>
                <SequencePoint vc="1" uspid="22" ordinal="3" offset="24" sl="39" sc="13" el="39" ec="73" bec="2" bev="1" fileid="3">
                  <TrackedMethodRefs>
                    <TrackedMethodRef uid="1" vc="1" />
                  </TrackedMethodRefs>
                </SequencePoint>
                <SequencePoint vc="0" uspid="23" ordinal="4" offset="39" sl="40" sc="17" el="40" ec="46" bec="0" bev="0" fileid="3" />
                <SequencePoint vc="1" uspid="24" ordinal="5" offset="47" sl="41" sc="18" el="41" ec="46" bec="2" bev="1" fileid="3">
                  <TrackedMethodRefs>
                    <TrackedMethodRef uid="1" vc="1" />
                  </TrackedMethodRefs>
                </SequencePoint>
                <SequencePoint vc="1" uspid="25" ordinal="6" offset="62" sl="42" sc="15" el="42" ec="42" bec="0" bev="0" fileid="3">
                  <TrackedMethodRefs>
                    <TrackedMethodRef uid="1" vc="1" />
                  </TrackedMethodRefs>
                </SequencePoint>
                <SequencePoint vc="1" uspid="26" ordinal="7" offset="68" sl="46" sc="13" el="46" ec="63" bec="0" bev="0" fileid="3">
                  <TrackedMethodRefs>
                    <TrackedMethodRef uid="1" vc="1" />
                  </TrackedMethodRefs>
                </SequencePoint>
                <SequencePoint vc="1" uspid="27" ordinal="8" offset="81" sl="47" sc="13" el="47" ec="53" bec="0" bev="0" fileid="3">
                  <TrackedMethodRefs>
                    <TrackedMethodRef uid="1" vc="1" />
                  </TrackedMethodRefs>
                </SequencePoint>
                <SequencePoint vc="1" uspid="28" ordinal="9" offset="84" sl="48" sc="13" el="48" ec="40" bec="0" bev="0" fileid="3">
                  <TrackedMethodRefs>
                    <TrackedMethodRef uid="1" vc="1" />
                  </TrackedMethodRefs>
                </SequencePoint>
                <SequencePoint vc="1" uspid="29" ordinal="10" offset="89" sl="49" sc="13" el="49" ec="30" bec="0" bev="0" fileid="3">
                  <TrackedMethodRefs>
                    <TrackedMethodRef uid="1" vc="1" />
                  </TrackedMethodRefs>
                </SequencePoint>
                <SequencePoint vc="1" uspid="30" ordinal="11" offset="92" sl="50" sc="18" el="50" ec="27" bec="0" bev="0" fileid="3">
                  <TrackedMethodRefs>
                    <TrackedMethodRef uid="1" vc="1" />
                  </TrackedMethodRefs>
                </SequencePoint>
                <SequencePoint vc="32" uspid="31" ordinal="12" offset="97" sl="51" sc="13" el="51" ec="14" bec="0" bev="0" fileid="3">
                  <TrackedMethodRefs>
                    <TrackedMethodRef uid="1" vc="32" />
                  </TrackedMethodRefs>
                </SequencePoint>
                <SequencePoint vc="32" uspid="32" ordinal="13" offset="98" sl="52" sc="17" el="52" ec="43" bec="2" bev="2" fileid="3">
                  <TrackedMethodRefs>
                    <TrackedMethodRef uid="1" vc="32" />
                  </TrackedMethodRefs>
                </SequencePoint>
                <SequencePoint vc="2" uspid="33" ordinal="14" offset="110" sl="53" sc="21" el="53" ec="52" bec="0" bev="0" fileid="3">
                  <TrackedMethodRefs>
                    <TrackedMethodRef uid="1" vc="2" />
                  </TrackedMethodRefs>
                </SequencePoint>
                <SequencePoint vc="32" uspid="34" ordinal="15" offset="114" sl="56" sc="17" el="56" ec="31" bec="0" bev="0" fileid="3">
                  <TrackedMethodRefs>
                    <TrackedMethodRef uid="1" vc="32" />
                  </TrackedMethodRefs>
                </SequencePoint>
                <SequencePoint vc="32" uspid="35" ordinal="16" offset="118" sl="57" sc="17" el="57" ec="34" bec="0" bev="0" fileid="3">
                  <TrackedMethodRefs>
                    <TrackedMethodRef uid="1" vc="32" />
                  </TrackedMethodRefs>
                </SequencePoint>
                <SequencePoint vc="32" uspid="36" ordinal="17" offset="123" sl="58" sc="13" el="58" ec="14" bec="0" bev="0" fileid="3">
                  <TrackedMethodRefs>
                    <TrackedMethodRef uid="1" vc="32" />
                  </TrackedMethodRefs>
                </SequencePoint>
                <SequencePoint vc="32" uspid="37" ordinal="18" offset="124" sl="50" sc="37" el="50" ec="40" bec="0" bev="0" fileid="3">
                  <TrackedMethodRefs>
                    <TrackedMethodRef uid="1" vc="32" />
                  </TrackedMethodRefs>
                </SequencePoint>
                <SequencePoint vc="33" uspid="38" ordinal="19" offset="130" sl="50" sc="29" el="50" ec="35" bec="2" bev="2" fileid="3">
                  <TrackedMethodRefs>
                    <TrackedMethodRef uid="1" vc="33" />
                  </TrackedMethodRefs>
                </SequencePoint>
                <SequencePoint vc="1" uspid="39" ordinal="20" offset="142" sl="59" sc="13" el="59" ec="60" bec="0" bev="0" fileid="3">
                  <TrackedMethodRefs>
                    <TrackedMethodRef uid="1" vc="1" />
                  </TrackedMethodRefs>
                </SequencePoint>
                <SequencePoint vc="1" uspid="40" ordinal="21" offset="155" sl="60" sc="13" el="60" ec="38" bec="2" bev="1" fileid="3">
                  <TrackedMethodRefs>
                    <TrackedMethodRef uid="1" vc="1" />
                  </TrackedMethodRefs>
                </SequencePoint>
                <SequencePoint vc="1" uspid="41" ordinal="22" offset="162" sl="61" sc="17" el="61" ec="40" bec="0" bev="0" fileid="3">
                  <TrackedMethodRefs>
                    <TrackedMethodRef uid="1" vc="1" />
                  </TrackedMethodRefs>
                </SequencePoint>
                <SequencePoint vc="1" uspid="42" ordinal="23" offset="168" sl="62" sc="13" el="62" ec="28" bec="0" bev="0" fileid="3">
                  <TrackedMethodRefs>
                    <TrackedMethodRef uid="1" vc="1" />
                  </TrackedMethodRefs>
                </SequencePoint>
                <SequencePoint vc="1" uspid="43" ordinal="24" offset="173" sl="63" sc="9" el="63" ec="10" bec="0" bev="0" fileid="3">
                  <TrackedMethodRefs>
                    <TrackedMethodRef uid="1" vc="1" />
                  </TrackedMethodRefs>
                </SequencePoint>
              </SequencePoints>
              <BranchPoints>
                <BranchPoint vc="0" uspid="44" ordinal="0" offset="37" sl="39" path="0" offsetend="39" fileid="3" />
                <BranchPoint vc="1" uspid="45" ordinal="1" offset="37" sl="39" path="1" offsetend="47" fileid="3">
                  <TrackedMethodRefs>
                    <TrackedMethodRef uid="1" vc="1" />
                  </TrackedMethodRefs>
                </BranchPoint>
                <BranchPoint vc="1" uspid="46" ordinal="2" offset="60" sl="41" path="0" offsetend="62" fileid="3">
                  <TrackedMethodRefs>
                    <TrackedMethodRef uid="1" vc="1" />
                  </TrackedMethodRefs>
                </BranchPoint>
                <BranchPoint vc="0" uspid="47" ordinal="3" offset="60" sl="41" path="1" offsetend="68" fileid="3" />
                <BranchPoint vc="2" uspid="48" ordinal="4" offset="108" sl="52" path="0" offsetend="110" fileid="3">
                  <TrackedMethodRefs>
                    <TrackedMethodRef uid="1" vc="2" />
                  </TrackedMethodRefs>
                </BranchPoint>
                <BranchPoint vc="30" uspid="49" ordinal="5" offset="108" sl="52" path="1" offsetend="114" fileid="3">
                  <TrackedMethodRefs>
                    <TrackedMethodRef uid="1" vc="30" />
                  </TrackedMethodRefs>
                </BranchPoint>
                <BranchPoint vc="1" uspid="50" ordinal="6" offset="140" sl="50" path="0" offsetend="142" fileid="3">
                  <TrackedMethodRefs>
                    <TrackedMethodRef uid="1" vc="1" />
                  </TrackedMethodRefs>
                </BranchPoint>
                <BranchPoint vc="32" uspid="51" ordinal="7" offset="140" sl="50" path="1" offsetend="97" fileid="3">
                  <TrackedMethodRefs>
                    <TrackedMethodRef uid="1" vc="32" />
                  </TrackedMethodRefs>
                </BranchPoint>
                <BranchPoint vc="1" uspid="52" ordinal="8" offset="160" sl="60" path="0" offsetend="162" fileid="3">
                  <TrackedMethodRefs>
                    <TrackedMethodRef uid="1" vc="1" />
                  </TrackedMethodRefs>
                </BranchPoint>
                <BranchPoint vc="0" uspid="53" ordinal="9" offset="160" sl="60" path="1" offsetend="168" fileid="3" />
              </BranchPoints>
              <MethodPoint xsi:type="SequencePoint" vc="1" uspid="19" ordinal="0" offset="0" sl="36" sc="9" el="36" ec="10" bec="0" bev="0" fileid="3">
                <TrackedMethodRefs>
                  <TrackedMethodRef uid="1" vc="1" />
                </TrackedMethodRefs>
              </MethodPoint>
            </Method>
            <Method visited="false" cyclomaticComplexity="1" nPathComplexity="0" sequenceCoverage="0" branchCoverage="0" crapScore="2" isConstructor="true" isStatic="false" isGetter="false" isSetter="false">
              <Summary numSequencePoints="0" visitedSequencePoints="0" numBranchPoints="0" visitedBranchPoints="0" sequenceCoverage="0" branchCoverage="0" maxCyclomaticComplexity="1" minCyclomaticComplexity="1" maxCrapScore="2" minCrapScore="2" visitedClasses="0" numClasses="0" visitedMethods="0" numMethods="0" />
              <MetadataToken>100663300</MetadataToken>
              <Name>System.Void Arithmetic_operations.Multiplication::.ctor()</Name>
              <SequencePoints />
              <BranchPoints />
              <MethodPoint vc="0" uspid="54" ordinal="0" offset="0" />
            </Method>
          </Methods>
        </Class>
        <Class>
          <Summary numSequencePoints="30" visitedSequencePoints="0" numBranchPoints="6" visitedBranchPoints="0" sequenceCoverage="0" branchCoverage="0" maxCyclomaticComplexity="3" minCyclomaticComplexity="1" maxCrapScore="12" minCrapScore="2" visitedClasses="0" numClasses="1" visitedMethods="0" numMethods="2" />
          <FullName>Arithmetic_operations.Division</FullName>
          <Methods>
            <Method visited="false" cyclomaticComplexity="3" nPathComplexity="4" sequenceCoverage="0" branchCoverage="0" crapScore="12" isConstructor="false" isStatic="true" isGetter="false" isSetter="false">
              <Summary numSequencePoints="29" visitedSequencePoints="0" numBranchPoints="5" visitedBranchPoints="0" sequenceCoverage="0" branchCoverage="0" maxCyclomaticComplexity="3" minCyclomaticComplexity="3" maxCrapScore="12" minCrapScore="12" visitedClasses="0" numClasses="0" visitedMethods="0" numMethods="1" />
              <MetadataToken>100663301</MetadataToken>
              <Name>System.Int32 Arithmetic_operations.Division::ShiftingRight(System.Int32,System.Int32)</Name>
              <FileRef uid="3" />
              <SequencePoints>
                <SequencePoint vc="0" uspid="55" ordinal="0" offset="0" sl="70" sc="9" el="70" ec="10" bec="0" bev="0" fileid="3" />
                <SequencePoint vc="0" uspid="56" ordinal="1" offset="1" sl="71" sc="13" el="71" ec="32" bec="0" bev="0" fileid="3" />
                <SequencePoint vc="0" uspid="57" ordinal="2" offset="8" sl="72" sc="13" el="72" ec="29" bec="0" bev="0" fileid="3" />
                <SequencePoint vc="0" uspid="58" ordinal="3" offset="21" sl="73" sc="12" el="73" ec="34" bec="0" bev="0" fileid="3" />
                <SequencePoint vc="0" uspid="59" ordinal="4" offset="34" sl="74" sc="13" el="74" ec="199" bec="0" bev="0" fileid="3" />
                <SequencePoint vc="0" uspid="60" ordinal="5" offset="99" sl="75" sc="13" el="75" ec="27" bec="0" bev="0" fileid="3" />
                <SequencePoint vc="0" uspid="61" ordinal="6" offset="104" sl="76" sc="18" el="76" ec="27" bec="0" bev="0" fileid="3" />
                <SequencePoint vc="0" uspid="62" ordinal="7" offset="111" sl="77" sc="13" el="77" ec="14" bec="0" bev="0" fileid="3" />
                <SequencePoint vc="0" uspid="63" ordinal="8" offset="112" sl="78" sc="17" el="78" ec="38" bec="0" bev="0" fileid="3" />
                <SequencePoint vc="0" uspid="64" ordinal="9" offset="125" sl="79" sc="17" el="79" ec="163" bec="0" bev="0" fileid="3" />
                <SequencePoint vc="0" uspid="65" ordinal="10" offset="165" sl="80" sc="17" el="80" ec="47" bec="2" bev="0" fileid="3" />
                <SequencePoint vc="0" uspid="66" ordinal="11" offset="187" sl="81" sc="17" el="81" ec="18" bec="0" bev="0" fileid="3" />
                <SequencePoint vc="0" uspid="67" ordinal="12" offset="188" sl="82" sc="21" el="82" ec="36" bec="0" bev="0" fileid="3" />
                <SequencePoint vc="0" uspid="68" ordinal="13" offset="200" sl="83" sc="21" el="83" ec="35" bec="0" bev="0" fileid="3" />
                <SequencePoint vc="0" uspid="69" ordinal="14" offset="212" sl="84" sc="21" el="84" ec="173" bec="0" bev="0" fileid="3" />
                <SequencePoint vc="0" uspid="70" ordinal="15" offset="252" sl="85" sc="17" el="85" ec="18" bec="0" bev="0" fileid="3" />
                <SequencePoint vc="0" uspid="71" ordinal="16" offset="255" sl="87" sc="17" el="87" ec="18" bec="0" bev="0" fileid="3" />
                <SequencePoint vc="0" uspid="72" ordinal="17" offset="256" sl="88" sc="21" el="88" ec="42" bec="0" bev="0" fileid="3" />
                <SequencePoint vc="0" uspid="73" ordinal="18" offset="269" sl="89" sc="21" el="89" ec="170" bec="0" bev="0" fileid="3" />
                <SequencePoint vc="0" uspid="74" ordinal="19" offset="309" sl="90" sc="17" el="90" ec="18" bec="0" bev="0" fileid="3" />
                <SequencePoint vc="0" uspid="75" ordinal="20" offset="310" sl="91" sc="21" el="91" ec="35" bec="0" bev="0" fileid="3" />
                <SequencePoint vc="0" uspid="76" ordinal="21" offset="315" sl="92" sc="17" el="92" ec="163" bec="0" bev="0" fileid="3" />
                <SequencePoint vc="0" uspid="77" ordinal="22" offset="355" sl="93" sc="17" el="93" ec="37" bec="0" bev="0" fileid="3" />
                <SequencePoint vc="0" uspid="78" ordinal="23" offset="361" sl="94" sc="13" el="94" ec="14" bec="0" bev="0" fileid="3" />
                <SequencePoint vc="0" uspid="79" ordinal="24" offset="362" sl="76" sc="36" el="76" ec="39" bec="0" bev="0" fileid="3" />
                <SequencePoint vc="0" uspid="80" ordinal="25" offset="366" sl="76" sc="29" el="76" ec="34" bec="2" bev="0" fileid="3" />
                <SequencePoint vc="0" uspid="81" ordinal="26" offset="378" sl="95" sc="13" el="95" ec="54" bec="0" bev="0" fileid="3" />
                <SequencePoint vc="0" uspid="82" ordinal="27" offset="404" sl="96" sc="13" el="96" ec="29" bec="0" bev="0" fileid="3" />
                <SequencePoint vc="0" uspid="83" ordinal="28" offset="412" sl="97" sc="9" el="97" ec="10" bec="0" bev="0" fileid="3" />
              </SequencePoints>
              <BranchPoints>
                <BranchPoint vc="0" uspid="84" ordinal="0" offset="185" sl="80" path="0" offsetend="187" fileid="3" />
                <BranchPoint vc="0" uspid="85" ordinal="1" offset="185" sl="80" path="1" offsetend="255" fileid="3" />
                <BranchPoint vc="0" uspid="86" ordinal="2" offset="373" sl="76" path="0" offsetend="378" fileid="3" />
                <BranchPoint vc="0" uspid="87" ordinal="3" offset="373" sl="76" path="1" offsetend="111" fileid="3" />
              </BranchPoints>
              <MethodPoint xsi:type="SequencePoint" vc="0" uspid="55" ordinal="0" offset="0" sl="70" sc="9" el="70" ec="10" bec="0" bev="0" fileid="3" />
            </Method>
            <Method visited="false" cyclomaticComplexity="1" nPathComplexity="0" sequenceCoverage="0" branchCoverage="0" crapScore="2" isConstructor="true" isStatic="false" isGetter="false" isSetter="false">
              <Summary numSequencePoints="0" visitedSequencePoints="0" numBranchPoints="0" visitedBranchPoints="0" sequenceCoverage="0" branchCoverage="0" maxCyclomaticComplexity="1" minCyclomaticComplexity="1" maxCrapScore="2" minCrapScore="2" visitedClasses="0" numClasses="0" visitedMethods="0" numMethods="0" />
              <MetadataToken>100663302</MetadataToken>
              <Name>System.Void Arithmetic_operations.Division::.ctor()</Name>
              <SequencePoints />
              <BranchPoints />
              <MethodPoint vc="0" uspid="88" ordinal="0" offset="0" />
            </Method>
            <Method visited="false" cyclomaticComplexity="1" nPathComplexity="0" sequenceCoverage="0" branchCoverage="0" crapScore="2" isConstructor="true" isStatic="true" isGetter="false" isSetter="false">
              <Summary numSequencePoints="1" visitedSequencePoints="0" numBranchPoints="1" visitedBranchPoints="0" sequenceCoverage="0" branchCoverage="0" maxCyclomaticComplexity="1" minCyclomaticComplexity="1" maxCrapScore="2" minCrapScore="2" visitedClasses="0" numClasses="0" visitedMethods="0" numMethods="1" />
              <MetadataToken>100663303</MetadataToken>
              <Name>System.Void Arithmetic_operations.Division::.cctor()</Name>
              <FileRef uid="3" />
              <SequencePoints>
                <SequencePoint vc="0" uspid="89" ordinal="0" offset="0" sl="67" sc="9" el="67" ec="33" bec="0" bev="0" fileid="3" />
              </SequencePoints>
              <BranchPoints />
              <MethodPoint xsi:type="SequencePoint" vc="0" uspid="89" ordinal="0" offset="0" sl="67" sc="9" el="67" ec="33" bec="0" bev="0" fileid="3" />
            </Method>
          </Methods>
        </Class>
      </Classes>
      <TrackedMethods />
    </Module>
  </Modules>
</CoverageSession>